{"total": {"lines":{"total":282,"covered":151,"skipped":0,"pct":53.54},"statements":{"total":306,"covered":151,"skipped":0,"pct":49.34},"functions":{"total":72,"covered":18,"skipped":0,"pct":25},"branches":{"total":133,"covered":30,"skipped":0,"pct":22.55},"branchesTrue":{"total":0,"covered":0,"skipped":0,"pct":"Unknown"}}
,"D:\\23127249\\QA\\CI-CD_and_Test-Harness_Engineering\\backend\\app.js": {"lines":{"total":237,"covered":107,"skipped":0,"pct":45.14},"functions":{"total":69,"covered":15,"skipped":0,"pct":21.73},"statements":{"total":261,"covered":107,"skipped":0,"pct":40.99},"branches":{"total":129,"covered":28,"skipped":0,"pct":21.7}}
,"D:\\23127249\\QA\\CI-CD_and_Test-Harness_Engineering\\backend\\database.js": {"lines":{"total":45,"covered":44,"skipped":0,"pct":97.77},"functions":{"total":3,"covered":3,"skipped":0,"pct":100},"statements":{"total":45,"covered":44,"skipped":0,"pct":97.77},"branches":{"total":4,"covered":2,"skipped":0,"pct":50}}
}
